<?xml version="1.0" encoding="UTF-8"?>
<!-- Generated by org.testng.reporters.JUnitReportReporter -->
<testsuite skipped="0" hostname="DRCA30" name="test_drcom_hub1.guru99_bank.TestCase_NC32" tests="1" failures="0" timestamp="26 Sep 2017 09:20:23 GMT" time="16.157" errors="0">
  <testcase name="checkCustomerIsNotAddedTwice" time="16.157" classname="test_drcom_hub1.guru99_bank.TestCase_NC32"/>
</testsuite> <!-- test_drcom_hub1.guru99_bank.TestCase_NC32 -->
